# JRE version: OpenJDK Runtime Environment GraalVM CE 22.3.0 (17.0.5+8) (build 17.0.5+8-jvmci-22.3-b08)
# Java VM: OpenJDK 64-Bit Server VM GraalVM CE 22.3.0 (17.0.5+8-jvmci-22.3-b08, mixed mode, sharing, tiered, jvmci, jvmci compiler, compressed oops, compressed class ptrs, parallel gc, linux-amd64)
GC Precious Log:
 CPUs: 8 total, 1 available
 Memory: 1024M
 Large Page Support: Disabled
 NUMA Support: Disabled
 Compressed Oops: Enabled (32-bit)
 Alignments: Space 512K, Generation 512K, Heap 2M
 Heap Min Capacity: 100M
 Heap Initial Capacity: 100M
 Heap Max Capacity: 512M
 Pre-touch: Disabled
 Parallel Workers: 1
Heap:
 PSYoungGen      total 41472K, used 28671K [0x00000000f5580000, 0x00000000f8c80000, 0x0000000100000000)
  eden space 28672K, 99% used [0x00000000f5580000,0x00000000f717fff0,0x00000000f7180000)
  from space 12800K, 0% used [0x00000000f7180000,0x00000000f7180000,0x00000000f7e00000)
  to   space 12800K, 0% used [0x00000000f7e00000,0x00000000f7e00000,0x00000000f8a80000)
 ParOldGen       total 349696K, used 349695K [0x00000000e0000000, 0x00000000f5580000, 0x00000000f5580000)
  object space 349696K, 99% used [0x00000000e0000000,0x00000000f557fff0,0x00000000f5580000)
 Metaspace       used 61665K, committed 62784K, reserved 1105920K
  class space    used 6029K, committed 6464K, reserved 1048576K
GC Heap History (20 events):
Event: 405.541 GC heap before
{Heap before GC invocations=367 (full 272):
 PSYoungGen      total 41472K, used 28672K [0x00000000f5580000, 0x00000000f8c80000, 0x0000000100000000)
  eden space 28672K, 100% used [0x00000000f5580000,0x00000000f7180000,0x00000000f7180000)
  from space 12800K, 0% used [0x00000000f7180000,0x00000000f7180000,0x00000000f7e00000)
  to   space 12800K, 0% used [0x00000000f7e00000,0x00000000f7e00000,0x00000000f8a80000)
 ParOldGen       total 349696K, used 349695K [0x00000000e0000000, 0x00000000f5580000, 0x00000000f5580000)
  object space 349696K, 99% used [0x00000000e0000000,0x00000000f557ffd8,0x00000000f5580000)
 Metaspace       used 61665K, committed 62784K, reserved 1105920K
  class space    used 6029K, committed 6464K, reserved 1048576K
}
Event: 406.671 GC heap after
{Heap after GC invocations=367 (full 272):
 PSYoungGen      total 41472K, used 28671K [0x00000000f5580000, 0x00000000f8c80000, 0x0000000100000000)
  eden space 28672K, 99% used [0x00000000f5580000,0x00000000f717ffe0,0x00000000f7180000)
  from space 12800K, 0% used [0x00000000f7e00000,0x00000000f7e00000,0x00000000f8a80000)
  to   space 12800K, 0% used [0x00000000f7180000,0x00000000f7180000,0x00000000f7e00000)
 ParOldGen       total 349696K, used 349692K [0x00000000e0000000, 0x00000000f5580000, 0x00000000f5580000)
  object space 349696K, 99% used [0x00000000e0000000,0x00000000f557f2b8,0x00000000f5580000)
 Metaspace       used 61665K, committed 62784K, reserved 1105920K
  class space    used 6029K, committed 6464K, reserved 1048576K
}
Event: 406.671 GC heap before
{Heap before GC invocations=368 (full 273):
 PSYoungGen      total 41472K, used 28672K [0x00000000f5580000, 0x00000000f8c80000, 0x0000000100000000)
  eden space 28672K, 100% used [0x00000000f5580000,0x00000000f7180000,0x00000000f7180000)
  from space 12800K, 0% used [0x00000000f7e00000,0x00000000f7e00000,0x00000000f8a80000)
  to   space 12800K, 0% used [0x00000000f7180000,0x00000000f7180000,0x00000000f7e00000)
 ParOldGen       total 349696K, used 349693K [0x00000000e0000000, 0x00000000f5580000, 0x00000000f5580000)
  object space 349696K, 99% used [0x00000000e0000000,0x00000000f557f530,0x00000000f5580000)
 Metaspace       used 61665K, committed 62784K, reserved 1105920K
  class space    used 6029K, committed 6464K, reserved 1048576K
}
Event: 407.844 GC heap after
{Heap after GC invocations=368 (full 273):
 PSYoungGen      total 41472K, used 28671K [0x00000000f5580000, 0x00000000f8c80000, 0x0000000100000000)
  eden space 28672K, 99% used [0x00000000f5580000,0x00000000f717ffb8,0x00000000f7180000)
  from space 12800K, 0% used [0x00000000f7180000,0x00000000f7180000,0x00000000f7e00000)
  to   space 12800K, 0% used [0x00000000f7e00000,0x00000000f7e00000,0x00000000f8a80000)
 ParOldGen       total 349696K, used 349692K [0x00000000e0000000, 0x00000000f5580000, 0x00000000f5580000)
  object space 349696K, 99% used [0x00000000e0000000,0x00000000f557f3e8,0x00000000f5580000)
 Metaspace       used 61665K, committed 62784K, reserved 1105920K
  class space    used 6029K, committed 6464K, reserved 1048576K
}
Event: 407.845 GC heap before
{Heap before GC invocations=369 (full 274):
 PSYoungGen      total 41472K, used 28671K [0x00000000f5580000, 0x00000000f8c80000, 0x0000000100000000)
  eden space 28672K, 99% used [0x00000000f5580000,0x00000000f717ffe8,0x00000000f7180000)
  from space 12800K, 0% used [0x00000000f7180000,0x00000000f7180000,0x00000000f7e00000)
  to   space 12800K, 0% used [0x00000000f7e00000,0x00000000f7e00000,0x00000000f8a80000)
 ParOldGen       total 349696K, used 349692K [0x00000000e0000000, 0x00000000f5580000, 0x00000000f5580000)
  object space 349696K, 99% used [0x00000000e0000000,0x00000000f557f3e8,0x00000000f5580000)
 Metaspace       used 61665K, committed 62784K, reserved 1105920K
  class space    used 6029K, committed 6464K, reserved 1048576K
}
Event: 408.866 GC heap after
{Heap after GC invocations=369 (full 274):
 PSYoungGen      total 41472K, used 28671K [0x00000000f5580000, 0x00000000f8c80000, 0x0000000100000000)
  eden space 28672K, 99% used [0x00000000f5580000,0x00000000f717ffe8,0x00000000f7180000)
  from space 12800K, 0% used [0x00000000f7e00000,0x00000000f7e00000,0x00000000f8a80000)
  to   space 12800K, 0% used [0x00000000f7180000,0x00000000f7180000,0x00000000f7e00000)
 ParOldGen       total 349696K, used 349692K [0x00000000e0000000, 0x00000000f5580000, 0x00000000f5580000)
  object space 349696K, 99% used [0x00000000e0000000,0x00000000f557f3e8,0x00000000f5580000)
 Metaspace       used 61665K, committed 62784K, reserved 1105920K
  class space    used 6029K, committed 6464K, reserved 1048576K
}
Event: 408.866 GC heap before
{Heap before GC invocations=370 (full 275):
 PSYoungGen      total 41472K, used 28672K [0x00000000f5580000, 0x00000000f8c80000, 0x0000000100000000)
  eden space 28672K, 100% used [0x00000000f5580000,0x00000000f7180000,0x00000000f7180000)
  from space 12800K, 0% used [0x00000000f7e00000,0x00000000f7e00000,0x00000000f8a80000)
  to   space 12800K, 0% used [0x00000000f7180000,0x00000000f7180000,0x00000000f7e00000)
 ParOldGen       total 349696K, used 349695K [0x00000000e0000000, 0x00000000f5580000, 0x00000000f5580000)
  object space 349696K, 99% used [0x00000000e0000000,0x00000000f557fc78,0x00000000f5580000)
 Metaspace       used 61665K, committed 62784K, reserved 1105920K
  class space    used 6029K, committed 6464K, reserved 1048576K
}
Event: 410.042 GC heap after
{Heap after GC invocations=370 (full 275):
 PSYoungGen      total 41472K, used 28671K [0x00000000f5580000, 0x00000000f8c80000, 0x0000000100000000)
  eden space 28672K, 99% used [0x00000000f5580000,0x00000000f717fec8,0x00000000f7180000)
  from space 12800K, 0% used [0x00000000f7180000,0x00000000f7180000,0x00000000f7e00000)
  to   space 12800K, 0% used [0x00000000f7e00000,0x00000000f7e00000,0x00000000f8a80000)
 ParOldGen       total 349696K, used 349693K [0x00000000e0000000, 0x00000000f5580000, 0x00000000f5580000)
  object space 349696K, 99% used [0x00000000e0000000,0x00000000f557f780,0x00000000f5580000)
 Metaspace       used 61665K, committed 62784K, reserved 1105920K
  class space    used 6029K, committed 6464K, reserved 1048576K
}
Event: 410.042 GC heap before
{Heap before GC invocations=371 (full 276):
 PSYoungGen      total 41472K, used 28672K [0x00000000f5580000, 0x00000000f8c80000, 0x0000000100000000)
  eden space 28672K, 100% used [0x00000000f5580000,0x00000000f7180000,0x00000000f7180000)
  from space 12800K, 0% used [0x00000000f7180000,0x00000000f7180000,0x00000000f7e00000)
  to   space 12800K, 0% used [0x00000000f7e00000,0x00000000f7e00000,0x00000000f8a80000)
 ParOldGen       total 349696K, used 349693K [0x00000000e0000000, 0x00000000f5580000, 0x00000000f5580000)
  object space 349696K, 99% used [0x00000000e0000000,0x00000000f557f780,0x00000000f5580000)
 Metaspace       used 61665K, committed 62784K, reserved 1105920K
  class space    used 6029K, committed 6464K, reserved 1048576K
}
Event: 411.064 GC heap after
{Heap after GC invocations=371 (full 276):
 PSYoungGen      total 41472K, used 28671K [0x00000000f5580000, 0x00000000f8c80000, 0x0000000100000000)
  eden space 28672K, 99% used [0x00000000f5580000,0x00000000f717ff80,0x00000000f7180000)
  from space 12800K, 0% used [0x00000000f7e00000,0x00000000f7e00000,0x00000000f8a80000)
  to   space 12800K, 0% used [0x00000000f7180000,0x00000000f7180000,0x00000000f7e00000)
 ParOldGen       total 349696K, used 349693K [0x00000000e0000000, 0x00000000f5580000, 0x00000000f5580000)
  object space 349696K, 99% used [0x00000000e0000000,0x00000000f557f780,0x00000000f5580000)
 Metaspace       used 61665K, committed 62784K, reserved 1105920K
  class space    used 6029K, committed 6464K, reserved 1048576K
}
Event: 411.064 GC heap before
{Heap before GC invocations=372 (full 277):
 PSYoungGen      total 41472K, used 28671K [0x00000000f5580000, 0x00000000f8c80000, 0x0000000100000000)
  eden space 28672K, 99% used [0x00000000f5580000,0x00000000f717fff8,0x00000000f7180000)
  from space 12800K, 0% used [0x00000000f7e00000,0x00000000f7e00000,0x00000000f8a80000)
  to   space 12800K, 0% used [0x00000000f7180000,0x00000000f7180000,0x00000000f7e00000)
 ParOldGen       total 349696K, used 349693K [0x00000000e0000000, 0x00000000f5580000, 0x00000000f5580000)
  object space 349696K, 99% used [0x00000000e0000000,0x00000000f557f780,0x00000000f5580000)
 Metaspace       used 61665K, committed 62784K, reserved 1105920K
  class space    used 6029K, committed 6464K, reserved 1048576K
}
Event: 412.081 GC heap after
{Heap after GC invocations=372 (full 277):
 PSYoungGen      total 41472K, used 28671K [0x00000000f5580000, 0x00000000f8c80000, 0x0000000100000000)
  eden space 28672K, 99% used [0x00000000f5580000,0x00000000f717fff8,0x00000000f7180000)
  from space 12800K, 0% used [0x00000000f7180000,0x00000000f7180000,0x00000000f7e00000)
  to   space 12800K, 0% used [0x00000000f7e00000,0x00000000f7e00000,0x00000000f8a80000)
 ParOldGen       total 349696K, used 349693K [0x00000000e0000000, 0x00000000f5580000, 0x00000000f5580000)
  object space 349696K, 99% used [0x00000000e0000000,0x00000000f557f780,0x00000000f5580000)
 Metaspace       used 61665K, committed 62784K, reserved 1105920K
  class space    used 6029K, committed 6464K, reserved 1048576K
}
Event: 412.081 GC heap before
{Heap before GC invocations=373 (full 278):
 PSYoungGen      total 41472K, used 28671K [0x00000000f5580000, 0x00000000f8c80000, 0x0000000100000000)
  eden space 28672K, 99% used [0x00000000f5580000,0x00000000f717fff8,0x00000000f7180000)
  from space 12800K, 0% used [0x00000000f7180000,0x00000000f7180000,0x00000000f7e00000)
  to   space 12800K, 0% used [0x00000000f7e00000,0x00000000f7e00000,0x00000000f8a80000)
 ParOldGen       total 349696K, used 349694K [0x00000000e0000000, 0x00000000f5580000, 0x00000000f5580000)
  object space 349696K, 99% used [0x00000000e0000000,0x00000000f557f8d0,0x00000000f5580000)
 Metaspace       used 61665K, committed 62784K, reserved 1105920K
  class space    used 6029K, committed 6464K, reserved 1048576K
}
Event: 413.181 GC heap after
{Heap after GC invocations=373 (full 278):
 PSYoungGen      total 41472K, used 28671K [0x00000000f5580000, 0x00000000f8c80000, 0x0000000100000000)
  eden space 28672K, 99% used [0x00000000f5580000,0x00000000f717ff68,0x00000000f7180000)
  from space 12800K, 0% used [0x00000000f7e00000,0x00000000f7e00000,0x00000000f8a80000)
  to   space 12800K, 0% used [0x00000000f7180000,0x00000000f7180000,0x00000000f7e00000)
 ParOldGen       total 349696K, used 349693K [0x00000000e0000000, 0x00000000f5580000, 0x00000000f5580000)
  object space 349696K, 99% used [0x00000000e0000000,0x00000000f557f7d8,0x00000000f5580000)
 Metaspace       used 61665K, committed 62784K, reserved 1105920K
  class space    used 6029K, committed 6464K, reserved 1048576K
}
Event: 413.181 GC heap before
{Heap before GC invocations=374 (full 279):
 PSYoungGen      total 41472K, used 28671K [0x00000000f5580000, 0x00000000f8c80000, 0x0000000100000000)
  eden space 28672K, 99% used [0x00000000f5580000,0x00000000f717ff68,0x00000000f7180000)
  from space 12800K, 0% used [0x00000000f7e00000,0x00000000f7e00000,0x00000000f8a80000)
  to   space 12800K, 0% used [0x00000000f7180000,0x00000000f7180000,0x00000000f7e00000)
 ParOldGen       total 349696K, used 349693K [0x00000000e0000000, 0x00000000f5580000, 0x00000000f5580000)
  object space 349696K, 99% used [0x00000000e0000000,0x00000000f557f7d8,0x00000000f5580000)
 Metaspace       used 61665K, committed 62784K, reserved 1105920K
  class space    used 6029K, committed 6464K, reserved 1048576K
}
Event: 414.168 GC heap after
{Heap after GC invocations=374 (full 279):
 PSYoungGen      total 41472K, used 28671K [0x00000000f5580000, 0x00000000f8c80000, 0x0000000100000000)
  eden space 28672K, 99% used [0x00000000f5580000,0x00000000f717ff68,0x00000000f7180000)
  from space 12800K, 0% used [0x00000000f7180000,0x00000000f7180000,0x00000000f7e00000)
  to   space 12800K, 0% used [0x00000000f7e00000,0x00000000f7e00000,0x00000000f8a80000)
 ParOldGen       total 349696K, used 349693K [0x00000000e0000000, 0x00000000f5580000, 0x00000000f5580000)
  object space 349696K, 99% used [0x00000000e0000000,0x00000000f557f7d8,0x00000000f5580000)
 Metaspace       used 61665K, committed 62784K, reserved 1105920K
  class space    used 6029K, committed 6464K, reserved 1048576K
}
Event: 414.168 GC heap before
{Heap before GC invocations=375 (full 280):
 PSYoungGen      total 41472K, used 28671K [0x00000000f5580000, 0x00000000f8c80000, 0x0000000100000000)
  eden space 28672K, 99% used [0x00000000f5580000,0x00000000f717fff0,0x00000000f7180000)
  from space 12800K, 0% used [0x00000000f7180000,0x00000000f7180000,0x00000000f7e00000)
  to   space 12800K, 0% used [0x00000000f7e00000,0x00000000f7e00000,0x00000000f8a80000)
 ParOldGen       total 349696K, used 349695K [0x00000000e0000000, 0x00000000f5580000, 0x00000000f5580000)
  object space 349696K, 99% used [0x00000000e0000000,0x00000000f557fcd8,0x00000000f5580000)
 Metaspace       used 61665K, committed 62784K, reserved 1105920K
  class space    used 6029K, committed 6464K, reserved 1048576K
}
Event: 415.255 GC heap after
{Heap after GC invocations=375 (full 280):
 PSYoungGen      total 41472K, used 28671K [0x00000000f5580000, 0x00000000f8c80000, 0x0000000100000000)
  eden space 28672K, 99% used [0x00000000f5580000,0x00000000f717ff58,0x00000000f7180000)
  from space 12800K, 0% used [0x00000000f7e00000,0x00000000f7e00000,0x00000000f8a80000)
  to   space 12800K, 0% used [0x00000000f7180000,0x00000000f7180000,0x00000000f7e00000)
 ParOldGen       total 349696K, used 349695K [0x00000000e0000000, 0x00000000f5580000, 0x00000000f5580000)
  object space 349696K, 99% used [0x00000000e0000000,0x00000000f557fc88,0x00000000f5580000)
 Metaspace       used 61665K, committed 62784K, reserved 1105920K
  class space    used 6029K, committed 6464K, reserved 1048576K
}
Event: 415.255 GC heap before
{Heap before GC invocations=376 (full 281):
 PSYoungGen      total 41472K, used 28671K [0x00000000f5580000, 0x00000000f8c80000, 0x0000000100000000)
  eden space 28672K, 99% used [0x00000000f5580000,0x00000000f717ff58,0x00000000f7180000)
  from space 12800K, 0% used [0x00000000f7e00000,0x00000000f7e00000,0x00000000f8a80000)
  to   space 12800K, 0% used [0x00000000f7180000,0x00000000f7180000,0x00000000f7e00000)
 ParOldGen       total 349696K, used 349695K [0x00000000e0000000, 0x00000000f5580000, 0x00000000f5580000)
  object space 349696K, 99% used [0x00000000e0000000,0x00000000f557fc88,0x00000000f5580000)
 Metaspace       used 61665K, committed 62784K, reserved 1105920K
  class space    used 6029K, committed 6464K, reserved 1048576K
}
Event: 416.434 GC heap after
{Heap after GC invocations=376 (full 281):
 PSYoungGen      total 41472K, used 28671K [0x00000000f5580000, 0x00000000f8c80000, 0x0000000100000000)
  eden space 28672K, 99% used [0x00000000f5580000,0x00000000f717ff58,0x00000000f7180000)
  from space 12800K, 0% used [0x00000000f7180000,0x00000000f7180000,0x00000000f7e00000)
  to   space 12800K, 0% used [0x00000000f7e00000,0x00000000f7e00000,0x00000000f8a80000)
 ParOldGen       total 349696K, used 349695K [0x00000000e0000000, 0x00000000f5580000, 0x00000000f5580000)
  object space 349696K, 99% used [0x00000000e0000000,0x00000000f557fc88,0x00000000f5580000)
 Metaspace       used 61665K, committed 62784K, reserved 1105920K
  class space    used 6029K, committed 6464K, reserved 1048576K
}

