# JRE version: OpenJDK Runtime Environment GraalVM CE 22.3.0 (17.0.5+8) (build 17.0.5+8-jvmci-22.3-b08)
# Java VM: OpenJDK 64-Bit Server VM GraalVM CE 22.3.0 (17.0.5+8-jvmci-22.3-b08, mixed mode, sharing, tiered, jvmci, jvmci compiler, compressed oops, compressed class ptrs, parallel gc, linux-amd64)
GC Precious Log:
 CPUs: 8 total, 1 available
 Memory: 1024M
 Large Page Support: Disabled
 NUMA Support: Disabled
 Compressed Oops: Enabled (32-bit)
 Alignments: Space 512K, Generation 512K, Heap 2M
 Heap Min Capacity: 100M
 Heap Initial Capacity: 100M
 Heap Max Capacity: 512M
 Pre-touch: Disabled
 Parallel Workers: 1
Heap:
 PSYoungGen      total 41984K, used 27647K [0x00000000f5580000, 0x00000000f8f00000, 0x0000000100000000)
  eden space 27648K, 99% used [0x00000000f5580000,0x00000000f707fff0,0x00000000f7080000)
  from space 14336K, 0% used [0x00000000f7f80000,0x00000000f7f80000,0x00000000f8d80000)
  to   space 14848K, 0% used [0x00000000f7080000,0x00000000f7080000,0x00000000f7f00000)
 ParOldGen       total 349696K, used 349694K [0x00000000e0000000, 0x00000000f5580000, 0x00000000f5580000)
  object space 349696K, 99% used [0x00000000e0000000,0x00000000f557fad0,0x00000000f5580000)
 Metaspace       used 61620K, committed 62784K, reserved 1105920K
  class space    used 6026K, committed 6464K, reserved 1048576K
GC Heap History (20 events):
Event: 637.754 GC heap before
{Heap before GC invocations=597 (full 517):
 PSYoungGen      total 41984K, used 27648K [0x00000000f5580000, 0x00000000f8f00000, 0x0000000100000000)
  eden space 27648K, 100% used [0x00000000f5580000,0x00000000f7080000,0x00000000f7080000)
  from space 14336K, 0% used [0x00000000f7f80000,0x00000000f7f80000,0x00000000f8d80000)
  to   space 14848K, 0% used [0x00000000f7080000,0x00000000f7080000,0x00000000f7f00000)
 ParOldGen       total 349696K, used 349688K [0x00000000e0000000, 0x00000000f5580000, 0x00000000f5580000)
  object space 349696K, 99% used [0x00000000e0000000,0x00000000f557e278,0x00000000f5580000)
 Metaspace       used 61604K, committed 62784K, reserved 1105920K
  class space    used 6025K, committed 6464K, reserved 1048576K
}
Event: 638.839 GC heap after
{Heap after GC invocations=597 (full 517):
 PSYoungGen      total 42496K, used 27647K [0x00000000f5580000, 0x00000000f8f00000, 0x0000000100000000)
  eden space 27648K, 99% used [0x00000000f5580000,0x00000000f707ffd0,0x00000000f7080000)
  from space 14848K, 0% used [0x00000000f7080000,0x00000000f7080000,0x00000000f7f00000)
  to   space 14336K, 0% used [0x00000000f7f80000,0x00000000f7f80000,0x00000000f8d80000)
 ParOldGen       total 349696K, used 349688K [0x00000000e0000000, 0x00000000f5580000, 0x00000000f5580000)
  object space 349696K, 99% used [0x00000000e0000000,0x00000000f557e278,0x00000000f5580000)
 Metaspace       used 61604K, committed 62784K, reserved 1105920K
  class space    used 6025K, committed 6464K, reserved 1048576K
}
Event: 638.839 GC heap before
{Heap before GC invocations=598 (full 518):
 PSYoungGen      total 42496K, used 27647K [0x00000000f5580000, 0x00000000f8f00000, 0x0000000100000000)
  eden space 27648K, 99% used [0x00000000f5580000,0x00000000f707fff8,0x00000000f7080000)
  from space 14848K, 0% used [0x00000000f7080000,0x00000000f7080000,0x00000000f7f00000)
  to   space 14336K, 0% used [0x00000000f7f80000,0x00000000f7f80000,0x00000000f8d80000)
 ParOldGen       total 349696K, used 349688K [0x00000000e0000000, 0x00000000f5580000, 0x00000000f5580000)
  object space 349696K, 99% used [0x00000000e0000000,0x00000000f557e278,0x00000000f5580000)
 Metaspace       used 61604K, committed 62784K, reserved 1105920K
  class space    used 6025K, committed 6464K, reserved 1048576K
}
Event: 640.117 GC heap after
{Heap after GC invocations=598 (full 518):
 PSYoungGen      total 41984K, used 27647K [0x00000000f5580000, 0x00000000f8f00000, 0x0000000100000000)
  eden space 27648K, 99% used [0x00000000f5580000,0x00000000f707fff8,0x00000000f7080000)
  from space 14336K, 0% used [0x00000000f7f80000,0x00000000f7f80000,0x00000000f8d80000)
  to   space 14848K, 0% used [0x00000000f7080000,0x00000000f7080000,0x00000000f7f00000)
 ParOldGen       total 349696K, used 349688K [0x00000000e0000000, 0x00000000f5580000, 0x00000000f5580000)
  object space 349696K, 99% used [0x00000000e0000000,0x00000000f557e278,0x00000000f5580000)
 Metaspace       used 61604K, committed 62784K, reserved 1105920K
  class space    used 6025K, committed 6464K, reserved 1048576K
}
Event: 640.117 GC heap before
{Heap before GC invocations=599 (full 519):
 PSYoungGen      total 41984K, used 27647K [0x00000000f5580000, 0x00000000f8f00000, 0x0000000100000000)
  eden space 27648K, 99% used [0x00000000f5580000,0x00000000f707fff8,0x00000000f7080000)
  from space 14336K, 0% used [0x00000000f7f80000,0x00000000f7f80000,0x00000000f8d80000)
  to   space 14848K, 0% used [0x00000000f7080000,0x00000000f7080000,0x00000000f7f00000)
 ParOldGen       total 349696K, used 349693K [0x00000000e0000000, 0x00000000f5580000, 0x00000000f5580000)
  object space 349696K, 99% used [0x00000000e0000000,0x00000000f557f528,0x00000000f5580000)
 Metaspace       used 61604K, committed 62784K, reserved 1105920K
  class space    used 6025K, committed 6464K, reserved 1048576K
}
Event: 641.145 GC heap after
{Heap after GC invocations=599 (full 519):
 PSYoungGen      total 42496K, used 27647K [0x00000000f5580000, 0x00000000f8f00000, 0x0000000100000000)
  eden space 27648K, 99% used [0x00000000f5580000,0x00000000f707fee8,0x00000000f7080000)
  from space 14848K, 0% used [0x00000000f7080000,0x00000000f7080000,0x00000000f7f00000)
  to   space 14336K, 0% used [0x00000000f7f80000,0x00000000f7f80000,0x00000000f8d80000)
 ParOldGen       total 349696K, used 349692K [0x00000000e0000000, 0x00000000f5580000, 0x00000000f5580000)
  object space 349696K, 99% used [0x00000000e0000000,0x00000000f557f030,0x00000000f5580000)
 Metaspace       used 61604K, committed 62784K, reserved 1105920K
  class space    used 6025K, committed 6464K, reserved 1048576K
}
Event: 641.145 GC heap before
{Heap before GC invocations=600 (full 520):
 PSYoungGen      total 42496K, used 27648K [0x00000000f5580000, 0x00000000f8f00000, 0x0000000100000000)
  eden space 27648K, 100% used [0x00000000f5580000,0x00000000f7080000,0x00000000f7080000)
  from space 14848K, 0% used [0x00000000f7080000,0x00000000f7080000,0x00000000f7f00000)
  to   space 14336K, 0% used [0x00000000f7f80000,0x00000000f7f80000,0x00000000f8d80000)
 ParOldGen       total 349696K, used 349692K [0x00000000e0000000, 0x00000000f5580000, 0x00000000f5580000)
  object space 349696K, 99% used [0x00000000e0000000,0x00000000f557f030,0x00000000f5580000)
 Metaspace       used 61604K, committed 62784K, reserved 1105920K
  class space    used 6025K, committed 6464K, reserved 1048576K
}
Event: 642.188 GC heap after
{Heap after GC invocations=600 (full 520):
 PSYoungGen      total 41984K, used 27647K [0x00000000f5580000, 0x00000000f8f00000, 0x0000000100000000)
  eden space 27648K, 99% used [0x00000000f5580000,0x00000000f707ffe0,0x00000000f7080000)
  from space 14336K, 0% used [0x00000000f7f80000,0x00000000f7f80000,0x00000000f8d80000)
  to   space 14848K, 0% used [0x00000000f7080000,0x00000000f7080000,0x00000000f7f00000)
 ParOldGen       total 349696K, used 349691K [0x00000000e0000000, 0x00000000f5580000, 0x00000000f5580000)
  object space 349696K, 99% used [0x00000000e0000000,0x00000000f557efc8,0x00000000f5580000)
 Metaspace       used 61604K, committed 62784K, reserved 1105920K
  class space    used 6025K, committed 6464K, reserved 1048576K
}
Event: 642.188 GC heap before
{Heap before GC invocations=601 (full 521):
 PSYoungGen      total 41984K, used 27647K [0x00000000f5580000, 0x00000000f8f00000, 0x0000000100000000)
  eden space 27648K, 99% used [0x00000000f5580000,0x00000000f707fff8,0x00000000f7080000)
  from space 14336K, 0% used [0x00000000f7f80000,0x00000000f7f80000,0x00000000f8d80000)
  to   space 14848K, 0% used [0x00000000f7080000,0x00000000f7080000,0x00000000f7f00000)
 ParOldGen       total 349696K, used 349691K [0x00000000e0000000, 0x00000000f5580000, 0x00000000f5580000)
  object space 349696K, 99% used [0x00000000e0000000,0x00000000f557efc8,0x00000000f5580000)
 Metaspace       used 61604K, committed 62784K, reserved 1105920K
  class space    used 6025K, committed 6464K, reserved 1048576K
}
Event: 643.313 GC heap after
{Heap after GC invocations=601 (full 521):
 PSYoungGen      total 42496K, used 27647K [0x00000000f5580000, 0x00000000f8f00000, 0x0000000100000000)
  eden space 27648K, 99% used [0x00000000f5580000,0x00000000f707fff8,0x00000000f7080000)
  from space 14848K, 0% used [0x00000000f7080000,0x00000000f7080000,0x00000000f7f00000)
  to   space 14336K, 0% used [0x00000000f7f80000,0x00000000f7f80000,0x00000000f8d80000)
 ParOldGen       total 349696K, used 349691K [0x00000000e0000000, 0x00000000f5580000, 0x00000000f5580000)
  object space 349696K, 99% used [0x00000000e0000000,0x00000000f557efc8,0x00000000f5580000)
 Metaspace       used 61604K, committed 62784K, reserved 1105920K
  class space    used 6025K, committed 6464K, reserved 1048576K
}
Event: 643.314 GC heap before
{Heap before GC invocations=602 (full 522):
 PSYoungGen      total 42496K, used 27647K [0x00000000f5580000, 0x00000000f8f00000, 0x0000000100000000)
  eden space 27648K, 99% used [0x00000000f5580000,0x00000000f707fff8,0x00000000f7080000)
  from space 14848K, 0% used [0x00000000f7080000,0x00000000f7080000,0x00000000f7f00000)
  to   space 14336K, 0% used [0x00000000f7f80000,0x00000000f7f80000,0x00000000f8d80000)
 ParOldGen       total 349696K, used 349693K [0x00000000e0000000, 0x00000000f5580000, 0x00000000f5580000)
  object space 349696K, 99% used [0x00000000e0000000,0x00000000f557f670,0x00000000f5580000)
 Metaspace       used 61604K, committed 62784K, reserved 1105920K
  class space    used 6025K, committed 6464K, reserved 1048576K
}
Event: 644.330 GC heap after
{Heap after GC invocations=602 (full 522):
 PSYoungGen      total 41984K, used 27647K [0x00000000f5580000, 0x00000000f8f00000, 0x0000000100000000)
  eden space 27648K, 99% used [0x00000000f5580000,0x00000000f707ffa8,0x00000000f7080000)
  from space 14336K, 0% used [0x00000000f7f80000,0x00000000f7f80000,0x00000000f8d80000)
  to   space 14848K, 0% used [0x00000000f7080000,0x00000000f7080000,0x00000000f7f00000)
 ParOldGen       total 349696K, used 349693K [0x00000000e0000000, 0x00000000f5580000, 0x00000000f5580000)
  object space 349696K, 99% used [0x00000000e0000000,0x00000000f557f5f8,0x00000000f5580000)
 Metaspace       used 61604K, committed 62784K, reserved 1105920K
  class space    used 6025K, committed 6464K, reserved 1048576K
}
Event: 644.330 GC heap before
{Heap before GC invocations=603 (full 523):
 PSYoungGen      total 41984K, used 27647K [0x00000000f5580000, 0x00000000f8f00000, 0x0000000100000000)
  eden space 27648K, 99% used [0x00000000f5580000,0x00000000f707fff0,0x00000000f7080000)
  from space 14336K, 0% used [0x00000000f7f80000,0x00000000f7f80000,0x00000000f8d80000)
  to   space 14848K, 0% used [0x00000000f7080000,0x00000000f7080000,0x00000000f7f00000)
 ParOldGen       total 349696K, used 349693K [0x00000000e0000000, 0x00000000f5580000, 0x00000000f5580000)
  object space 349696K, 99% used [0x00000000e0000000,0x00000000f557f5f8,0x00000000f5580000)
 Metaspace       used 61604K, committed 62784K, reserved 1105920K
  class space    used 6025K, committed 6464K, reserved 1048576K
}
Event: 645.633 GC heap after
{Heap after GC invocations=603 (full 523):
 PSYoungGen      total 42496K, used 27647K [0x00000000f5580000, 0x00000000f8f00000, 0x0000000100000000)
  eden space 27648K, 99% used [0x00000000f5580000,0x00000000f707ffd8,0x00000000f7080000)
  from space 14848K, 0% used [0x00000000f7080000,0x00000000f7080000,0x00000000f7f00000)
  to   space 14336K, 0% used [0x00000000f7f80000,0x00000000f7f80000,0x00000000f8d80000)
 ParOldGen       total 349696K, used 349693K [0x00000000e0000000, 0x00000000f5580000, 0x00000000f5580000)
  object space 349696K, 99% used [0x00000000e0000000,0x00000000f557f5f8,0x00000000f5580000)
 Metaspace       used 61604K, committed 62784K, reserved 1105920K
  class space    used 6025K, committed 6464K, reserved 1048576K
}
Event: 645.634 GC heap before
{Heap before GC invocations=604 (full 524):
 PSYoungGen      total 42496K, used 27647K [0x00000000f5580000, 0x00000000f8f00000, 0x0000000100000000)
  eden space 27648K, 99% used [0x00000000f5580000,0x00000000f707fff0,0x00000000f7080000)
  from space 14848K, 0% used [0x00000000f7080000,0x00000000f7080000,0x00000000f7f00000)
  to   space 14336K, 0% used [0x00000000f7f80000,0x00000000f7f80000,0x00000000f8d80000)
 ParOldGen       total 349696K, used 349693K [0x00000000e0000000, 0x00000000f5580000, 0x00000000f5580000)
  object space 349696K, 99% used [0x00000000e0000000,0x00000000f557f5f8,0x00000000f5580000)
 Metaspace       used 61604K, committed 62784K, reserved 1105920K
  class space    used 6025K, committed 6464K, reserved 1048576K
}
Event: 646.919 GC heap after
{Heap after GC invocations=604 (full 524):
 PSYoungGen      total 41984K, used 27647K [0x00000000f5580000, 0x00000000f8f00000, 0x0000000100000000)
  eden space 27648K, 99% used [0x00000000f5580000,0x00000000f707fff0,0x00000000f7080000)
  from space 14336K, 0% used [0x00000000f7f80000,0x00000000f7f80000,0x00000000f8d80000)
  to   space 14848K, 0% used [0x00000000f7080000,0x00000000f7080000,0x00000000f7f00000)
 ParOldGen       total 349696K, used 349693K [0x00000000e0000000, 0x00000000f5580000, 0x00000000f5580000)
  object space 349696K, 99% used [0x00000000e0000000,0x00000000f557f5f8,0x00000000f5580000)
 Metaspace       used 61604K, committed 62784K, reserved 1105920K
  class space    used 6025K, committed 6464K, reserved 1048576K
}
Event: 646.919 GC heap before
{Heap before GC invocations=605 (full 525):
 PSYoungGen      total 41984K, used 27648K [0x00000000f5580000, 0x00000000f8f00000, 0x0000000100000000)
  eden space 27648K, 100% used [0x00000000f5580000,0x00000000f7080000,0x00000000f7080000)
  from space 14336K, 0% used [0x00000000f7f80000,0x00000000f7f80000,0x00000000f8d80000)
  to   space 14848K, 0% used [0x00000000f7080000,0x00000000f7080000,0x00000000f7f00000)
 ParOldGen       total 349696K, used 349695K [0x00000000e0000000, 0x00000000f5580000, 0x00000000f5580000)
  object space 349696K, 99% used [0x00000000e0000000,0x00000000f557fd70,0x00000000f5580000)
 Metaspace       used 61604K, committed 62784K, reserved 1105920K
  class space    used 6025K, committed 6464K, reserved 1048576K
}
Event: 647.990 GC heap after
{Heap after GC invocations=605 (full 525):
 PSYoungGen      total 42496K, used 27647K [0x00000000f5580000, 0x00000000f8f00000, 0x0000000100000000)
  eden space 27648K, 99% used [0x00000000f5580000,0x00000000f707ff90,0x00000000f7080000)
  from space 14848K, 0% used [0x00000000f7080000,0x00000000f7080000,0x00000000f7f00000)
  to   space 14336K, 0% used [0x00000000f7f80000,0x00000000f7f80000,0x00000000f8d80000)
 ParOldGen       total 349696K, used 349694K [0x00000000e0000000, 0x00000000f5580000, 0x00000000f5580000)
  object space 349696K, 99% used [0x00000000e0000000,0x00000000f557f948,0x00000000f5580000)
 Metaspace       used 61604K, committed 62784K, reserved 1105920K
  class space    used 6025K, committed 6464K, reserved 1048576K
}
Event: 647.990 GC heap before
{Heap before GC invocations=606 (full 526):
 PSYoungGen      total 42496K, used 27647K [0x00000000f5580000, 0x00000000f8f00000, 0x0000000100000000)
  eden space 27648K, 99% used [0x00000000f5580000,0x00000000f707ff90,0x00000000f7080000)
  from space 14848K, 0% used [0x00000000f7080000,0x00000000f7080000,0x00000000f7f00000)
  to   space 14336K, 0% used [0x00000000f7f80000,0x00000000f7f80000,0x00000000f8d80000)
 ParOldGen       total 349696K, used 349694K [0x00000000e0000000, 0x00000000f5580000, 0x00000000f5580000)
  object space 349696K, 99% used [0x00000000e0000000,0x00000000f557f948,0x00000000f5580000)
 Metaspace       used 61604K, committed 62784K, reserved 1105920K
  class space    used 6025K, committed 6464K, reserved 1048576K
}
Event: 649.008 GC heap after
{Heap after GC invocations=606 (full 526):
 PSYoungGen      total 41984K, used 27647K [0x00000000f5580000, 0x00000000f8f00000, 0x0000000100000000)
  eden space 27648K, 99% used [0x00000000f5580000,0x00000000f707ff90,0x00000000f7080000)
  from space 14336K, 0% used [0x00000000f7f80000,0x00000000f7f80000,0x00000000f8d80000)
  to   space 14848K, 0% used [0x00000000f7080000,0x00000000f7080000,0x00000000f7f00000)
 ParOldGen       total 349696K, used 349694K [0x00000000e0000000, 0x00000000f5580000, 0x00000000f5580000)
  object space 349696K, 99% used [0x00000000e0000000,0x00000000f557f948,0x00000000f5580000)
 Metaspace       used 61604K, committed 62784K, reserved 1105920K
  class space    used 6025K, committed 6464K, reserved 1048576K
}

