# JRE version: OpenJDK Runtime Environment GraalVM CE 22.3.0 (17.0.5+8) (build 17.0.5+8-jvmci-22.3-b08)
# Java VM: OpenJDK 64-Bit Server VM GraalVM CE 22.3.0 (17.0.5+8-jvmci-22.3-b08, mixed mode, sharing, tiered, jvmci, jvmci compiler, compressed oops, compressed class ptrs, parallel gc, linux-amd64)
GC Precious Log:
 CPUs: 8 total, 1 available
 Memory: 1024M
 Large Page Support: Disabled
 NUMA Support: Disabled
 Compressed Oops: Enabled (32-bit)
 Alignments: Space 512K, Generation 512K, Heap 2M
 Heap Min Capacity: 100M
 Heap Initial Capacity: 100M
 Heap Max Capacity: 512M
 Pre-touch: Disabled
 Parallel Workers: 1
Heap:
 PSYoungGen      total 54272K, used 36352K [0x00000000f5580000, 0x00000000fa500000, 0x0000000100000000)
  eden space 36352K, 100% used [0x00000000f5580000,0x00000000f7900000,0x00000000f7900000)
  from space 17920K, 0% used [0x00000000f9380000,0x00000000f9380000,0x00000000fa500000)
  to   space 22016K, 0% used [0x00000000f7c80000,0x00000000f7c80000,0x00000000f9200000)
 ParOldGen       total 349696K, used 349688K [0x00000000e0000000, 0x00000000f5580000, 0x00000000f5580000)
  object space 349696K, 99% used [0x00000000e0000000,0x00000000f557e1d0,0x00000000f5580000)
 Metaspace       used 62307K, committed 63616K, reserved 1114112K
  class space    used 6080K, committed 6592K, reserved 1048576K
GC Heap History (20 events):
Event: 656.996 GC heap before
{Heap before GC invocations=573 (full 485):
 PSYoungGen      total 54272K, used 36352K [0x00000000f5580000, 0x00000000fa500000, 0x0000000100000000)
  eden space 36352K, 100% used [0x00000000f5580000,0x00000000f7900000,0x00000000f7900000)
  from space 17920K, 0% used [0x00000000f9380000,0x00000000f9380000,0x00000000fa500000)
  to   space 22016K, 0% used [0x00000000f7c80000,0x00000000f7c80000,0x00000000f9200000)
 ParOldGen       total 349696K, used 349692K [0x00000000e0000000, 0x00000000f5580000, 0x00000000f5580000)
  object space 349696K, 99% used [0x00000000e0000000,0x00000000f557f150,0x00000000f5580000)
 Metaspace       used 62307K, committed 63616K, reserved 1114112K
  class space    used 6080K, committed 6592K, reserved 1048576K
}
Event: 658.103 GC heap after
{Heap after GC invocations=573 (full 485):
 PSYoungGen      total 58368K, used 36351K [0x00000000f5580000, 0x00000000fa500000, 0x0000000100000000)
  eden space 36352K, 99% used [0x00000000f5580000,0x00000000f78fffa0,0x00000000f7900000)
  from space 22016K, 0% used [0x00000000f7c80000,0x00000000f7c80000,0x00000000f9200000)
  to   space 17920K, 0% used [0x00000000f9380000,0x00000000f9380000,0x00000000fa500000)
 ParOldGen       total 349696K, used 349691K [0x00000000e0000000, 0x00000000f5580000, 0x00000000f5580000)
  object space 349696K, 99% used [0x00000000e0000000,0x00000000f557eed8,0x00000000f5580000)
 Metaspace       used 62307K, committed 63616K, reserved 1114112K
  class space    used 6080K, committed 6592K, reserved 1048576K
}
Event: 658.104 GC heap before
{Heap before GC invocations=574 (full 486):
 PSYoungGen      total 58368K, used 36352K [0x00000000f5580000, 0x00000000fa500000, 0x0000000100000000)
  eden space 36352K, 100% used [0x00000000f5580000,0x00000000f7900000,0x00000000f7900000)
  from space 22016K, 0% used [0x00000000f7c80000,0x00000000f7c80000,0x00000000f9200000)
  to   space 17920K, 0% used [0x00000000f9380000,0x00000000f9380000,0x00000000fa500000)
 ParOldGen       total 349696K, used 349691K [0x00000000e0000000, 0x00000000f5580000, 0x00000000f5580000)
  object space 349696K, 99% used [0x00000000e0000000,0x00000000f557eed8,0x00000000f5580000)
 Metaspace       used 62307K, committed 63616K, reserved 1114112K
  class space    used 6080K, committed 6592K, reserved 1048576K
}
Event: 659.081 GC heap after
{Heap after GC invocations=574 (full 486):
 PSYoungGen      total 54272K, used 36351K [0x00000000f5580000, 0x00000000fa500000, 0x0000000100000000)
  eden space 36352K, 99% used [0x00000000f5580000,0x00000000f78fff98,0x00000000f7900000)
  from space 17920K, 0% used [0x00000000f9380000,0x00000000f9380000,0x00000000fa500000)
  to   space 22016K, 0% used [0x00000000f7c80000,0x00000000f7c80000,0x00000000f9200000)
 ParOldGen       total 349696K, used 349691K [0x00000000e0000000, 0x00000000f5580000, 0x00000000f5580000)
  object space 349696K, 99% used [0x00000000e0000000,0x00000000f557eec8,0x00000000f5580000)
 Metaspace       used 62307K, committed 63616K, reserved 1114112K
  class space    used 6080K, committed 6592K, reserved 1048576K
}
Event: 659.081 GC heap before
{Heap before GC invocations=575 (full 487):
 PSYoungGen      total 54272K, used 36352K [0x00000000f5580000, 0x00000000fa500000, 0x0000000100000000)
  eden space 36352K, 100% used [0x00000000f5580000,0x00000000f7900000,0x00000000f7900000)
  from space 17920K, 0% used [0x00000000f9380000,0x00000000f9380000,0x00000000fa500000)
  to   space 22016K, 0% used [0x00000000f7c80000,0x00000000f7c80000,0x00000000f9200000)
 ParOldGen       total 349696K, used 349691K [0x00000000e0000000, 0x00000000f5580000, 0x00000000f5580000)
  object space 349696K, 99% used [0x00000000e0000000,0x00000000f557eec8,0x00000000f5580000)
 Metaspace       used 62307K, committed 63616K, reserved 1114112K
  class space    used 6080K, committed 6592K, reserved 1048576K
}
Event: 660.190 GC heap after
{Heap after GC invocations=575 (full 487):
 PSYoungGen      total 58368K, used 36352K [0x00000000f5580000, 0x00000000fa500000, 0x0000000100000000)
  eden space 36352K, 100% used [0x00000000f5580000,0x00000000f7900000,0x00000000f7900000)
  from space 22016K, 0% used [0x00000000f7c80000,0x00000000f7c80000,0x00000000f9200000)
  to   space 17920K, 0% used [0x00000000f9380000,0x00000000f9380000,0x00000000fa500000)
 ParOldGen       total 349696K, used 349691K [0x00000000e0000000, 0x00000000f5580000, 0x00000000f5580000)
  object space 349696K, 99% used [0x00000000e0000000,0x00000000f557eec8,0x00000000f5580000)
 Metaspace       used 62307K, committed 63616K, reserved 1114112K
  class space    used 6080K, committed 6592K, reserved 1048576K
}
Event: 660.190 GC heap before
{Heap before GC invocations=576 (full 488):
 PSYoungGen      total 58368K, used 36352K [0x00000000f5580000, 0x00000000fa500000, 0x0000000100000000)
  eden space 36352K, 100% used [0x00000000f5580000,0x00000000f7900000,0x00000000f7900000)
  from space 22016K, 0% used [0x00000000f7c80000,0x00000000f7c80000,0x00000000f9200000)
  to   space 17920K, 0% used [0x00000000f9380000,0x00000000f9380000,0x00000000fa500000)
 ParOldGen       total 349696K, used 349694K [0x00000000e0000000, 0x00000000f5580000, 0x00000000f5580000)
  object space 349696K, 99% used [0x00000000e0000000,0x00000000f557fbe8,0x00000000f5580000)
 Metaspace       used 62307K, committed 63616K, reserved 1114112K
  class space    used 6080K, committed 6592K, reserved 1048576K
}
Event: 661.263 GC heap after
{Heap after GC invocations=576 (full 488):
 PSYoungGen      total 54272K, used 36351K [0x00000000f5580000, 0x00000000fa500000, 0x0000000100000000)
  eden space 36352K, 99% used [0x00000000f5580000,0x00000000f78ffe30,0x00000000f7900000)
  from space 17920K, 0% used [0x00000000f9380000,0x00000000f9380000,0x00000000fa500000)
  to   space 22016K, 0% used [0x00000000f7c80000,0x00000000f7c80000,0x00000000f9200000)
 ParOldGen       total 349696K, used 349692K [0x00000000e0000000, 0x00000000f5580000, 0x00000000f5580000)
  object space 349696K, 99% used [0x00000000e0000000,0x00000000f557f348,0x00000000f5580000)
 Metaspace       used 62307K, committed 63616K, reserved 1114112K
  class space    used 6080K, committed 6592K, reserved 1048576K
}
Event: 661.264 GC heap before
{Heap before GC invocations=577 (full 489):
 PSYoungGen      total 54272K, used 36352K [0x00000000f5580000, 0x00000000fa500000, 0x0000000100000000)
  eden space 36352K, 100% used [0x00000000f5580000,0x00000000f7900000,0x00000000f7900000)
  from space 17920K, 0% used [0x00000000f9380000,0x00000000f9380000,0x00000000fa500000)
  to   space 22016K, 0% used [0x00000000f7c80000,0x00000000f7c80000,0x00000000f9200000)
 ParOldGen       total 349696K, used 349692K [0x00000000e0000000, 0x00000000f5580000, 0x00000000f5580000)
  object space 349696K, 99% used [0x00000000e0000000,0x00000000f557f348,0x00000000f5580000)
 Metaspace       used 62307K, committed 63616K, reserved 1114112K
  class space    used 6080K, committed 6592K, reserved 1048576K
}
Event: 662.290 GC heap after
{Heap after GC invocations=577 (full 489):
 PSYoungGen      total 58368K, used 36351K [0x00000000f5580000, 0x00000000fa500000, 0x0000000100000000)
  eden space 36352K, 99% used [0x00000000f5580000,0x00000000f78ffe30,0x00000000f7900000)
  from space 22016K, 0% used [0x00000000f7c80000,0x00000000f7c80000,0x00000000f9200000)
  to   space 17920K, 0% used [0x00000000f9380000,0x00000000f9380000,0x00000000fa500000)
 ParOldGen       total 349696K, used 349692K [0x00000000e0000000, 0x00000000f5580000, 0x00000000f5580000)
  object space 349696K, 99% used [0x00000000e0000000,0x00000000f557f348,0x00000000f5580000)
 Metaspace       used 62307K, committed 63616K, reserved 1114112K
  class space    used 6080K, committed 6592K, reserved 1048576K
}
Event: 662.292 GC heap before
{Heap before GC invocations=578 (full 490):
 PSYoungGen      total 58368K, used 36352K [0x00000000f5580000, 0x00000000fa500000, 0x0000000100000000)
  eden space 36352K, 100% used [0x00000000f5580000,0x00000000f7900000,0x00000000f7900000)
  from space 22016K, 0% used [0x00000000f7c80000,0x00000000f7c80000,0x00000000f9200000)
  to   space 17920K, 0% used [0x00000000f9380000,0x00000000f9380000,0x00000000fa500000)
 ParOldGen       total 349696K, used 349692K [0x00000000e0000000, 0x00000000f5580000, 0x00000000f5580000)
  object space 349696K, 99% used [0x00000000e0000000,0x00000000f557f348,0x00000000f5580000)
 Metaspace       used 62307K, committed 63616K, reserved 1114112K
  class space    used 6080K, committed 6592K, reserved 1048576K
}
Event: 663.498 GC heap after
{Heap after GC invocations=578 (full 490):
 PSYoungGen      total 54272K, used 36351K [0x00000000f5580000, 0x00000000fa500000, 0x0000000100000000)
  eden space 36352K, 99% used [0x00000000f5580000,0x00000000f78fff30,0x00000000f7900000)
  from space 17920K, 0% used [0x00000000f9380000,0x00000000f9380000,0x00000000fa500000)
  to   space 22016K, 0% used [0x00000000f7c80000,0x00000000f7c80000,0x00000000f9200000)
 ParOldGen       total 349696K, used 349692K [0x00000000e0000000, 0x00000000f5580000, 0x00000000f5580000)
  object space 349696K, 99% used [0x00000000e0000000,0x00000000f557f348,0x00000000f5580000)
 Metaspace       used 62307K, committed 63616K, reserved 1114112K
  class space    used 6080K, committed 6592K, reserved 1048576K
}
Event: 663.498 GC heap before
{Heap before GC invocations=579 (full 491):
 PSYoungGen      total 54272K, used 36352K [0x00000000f5580000, 0x00000000fa500000, 0x0000000100000000)
  eden space 36352K, 100% used [0x00000000f5580000,0x00000000f7900000,0x00000000f7900000)
  from space 17920K, 0% used [0x00000000f9380000,0x00000000f9380000,0x00000000fa500000)
  to   space 22016K, 0% used [0x00000000f7c80000,0x00000000f7c80000,0x00000000f9200000)
 ParOldGen       total 349696K, used 349692K [0x00000000e0000000, 0x00000000f5580000, 0x00000000f5580000)
  object space 349696K, 99% used [0x00000000e0000000,0x00000000f557f348,0x00000000f5580000)
 Metaspace       used 62307K, committed 63616K, reserved 1114112K
  class space    used 6080K, committed 6592K, reserved 1048576K
}
Event: 664.401 GC heap after
{Heap after GC invocations=579 (full 491):
 PSYoungGen      total 58368K, used 36351K [0x00000000f5580000, 0x00000000fa500000, 0x0000000100000000)
  eden space 36352K, 99% used [0x00000000f5580000,0x00000000f78ffff0,0x00000000f7900000)
  from space 22016K, 0% used [0x00000000f7c80000,0x00000000f7c80000,0x00000000f9200000)
  to   space 17920K, 0% used [0x00000000f9380000,0x00000000f9380000,0x00000000fa500000)
 ParOldGen       total 349696K, used 349692K [0x00000000e0000000, 0x00000000f5580000, 0x00000000f5580000)
  object space 349696K, 99% used [0x00000000e0000000,0x00000000f557f348,0x00000000f5580000)
 Metaspace       used 62307K, committed 63616K, reserved 1114112K
  class space    used 6080K, committed 6592K, reserved 1048576K
}
Event: 664.402 GC heap before
{Heap before GC invocations=580 (full 492):
 PSYoungGen      total 58368K, used 36352K [0x00000000f5580000, 0x00000000fa500000, 0x0000000100000000)
  eden space 36352K, 100% used [0x00000000f5580000,0x00000000f7900000,0x00000000f7900000)
  from space 22016K, 0% used [0x00000000f7c80000,0x00000000f7c80000,0x00000000f9200000)
  to   space 17920K, 0% used [0x00000000f9380000,0x00000000f9380000,0x00000000fa500000)
 ParOldGen       total 349696K, used 349694K [0x00000000e0000000, 0x00000000f5580000, 0x00000000f5580000)
  object space 349696K, 99% used [0x00000000e0000000,0x00000000f557fb98,0x00000000f5580000)
 Metaspace       used 62307K, committed 63616K, reserved 1114112K
  class space    used 6080K, committed 6592K, reserved 1048576K
}
Event: 665.393 GC heap after
{Heap after GC invocations=580 (full 492):
 PSYoungGen      total 54272K, used 36351K [0x00000000f5580000, 0x00000000fa500000, 0x0000000100000000)
  eden space 36352K, 99% used [0x00000000f5580000,0x00000000f78ffe00,0x00000000f7900000)
  from space 17920K, 0% used [0x00000000f9380000,0x00000000f9380000,0x00000000fa500000)
  to   space 22016K, 0% used [0x00000000f7c80000,0x00000000f7c80000,0x00000000f9200000)
 ParOldGen       total 349696K, used 349693K [0x00000000e0000000, 0x00000000f5580000, 0x00000000f5580000)
  object space 349696K, 99% used [0x00000000e0000000,0x00000000f557f4b8,0x00000000f5580000)
 Metaspace       used 62307K, committed 63616K, reserved 1114112K
  class space    used 6080K, committed 6592K, reserved 1048576K
}
Event: 665.393 GC heap before
{Heap before GC invocations=581 (full 493):
 PSYoungGen      total 54272K, used 36351K [0x00000000f5580000, 0x00000000fa500000, 0x0000000100000000)
  eden space 36352K, 99% used [0x00000000f5580000,0x00000000f78ffe00,0x00000000f7900000)
  from space 17920K, 0% used [0x00000000f9380000,0x00000000f9380000,0x00000000fa500000)
  to   space 22016K, 0% used [0x00000000f7c80000,0x00000000f7c80000,0x00000000f9200000)
 ParOldGen       total 349696K, used 349693K [0x00000000e0000000, 0x00000000f5580000, 0x00000000f5580000)
  object space 349696K, 99% used [0x00000000e0000000,0x00000000f557f4b8,0x00000000f5580000)
 Metaspace       used 62307K, committed 63616K, reserved 1114112K
  class space    used 6080K, committed 6592K, reserved 1048576K
}
Event: 666.571 GC heap after
{Heap after GC invocations=581 (full 493):
 PSYoungGen      total 58368K, used 36351K [0x00000000f5580000, 0x00000000fa500000, 0x0000000100000000)
  eden space 36352K, 99% used [0x00000000f5580000,0x00000000f78ffe00,0x00000000f7900000)
  from space 22016K, 0% used [0x00000000f7c80000,0x00000000f7c80000,0x00000000f9200000)
  to   space 17920K, 0% used [0x00000000f9380000,0x00000000f9380000,0x00000000fa500000)
 ParOldGen       total 349696K, used 349693K [0x00000000e0000000, 0x00000000f5580000, 0x00000000f5580000)
  object space 349696K, 99% used [0x00000000e0000000,0x00000000f557f4b8,0x00000000f5580000)
 Metaspace       used 62307K, committed 63616K, reserved 1114112K
  class space    used 6080K, committed 6592K, reserved 1048576K
}
Event: 666.572 GC heap before
{Heap before GC invocations=582 (full 494):
 PSYoungGen      total 58368K, used 36351K [0x00000000f5580000, 0x00000000fa500000, 0x0000000100000000)
  eden space 36352K, 99% used [0x00000000f5580000,0x00000000f78ffff0,0x00000000f7900000)
  from space 22016K, 0% used [0x00000000f7c80000,0x00000000f7c80000,0x00000000f9200000)
  to   space 17920K, 0% used [0x00000000f9380000,0x00000000f9380000,0x00000000fa500000)
 ParOldGen       total 349696K, used 349693K [0x00000000e0000000, 0x00000000f5580000, 0x00000000f5580000)
  object space 349696K, 99% used [0x00000000e0000000,0x00000000f557f7e0,0x00000000f5580000)
 Metaspace       used 62307K, committed 63616K, reserved 1114112K
  class space    used 6080K, committed 6592K, reserved 1048576K
}
Event: 667.764 GC heap after
{Heap after GC invocations=582 (full 494):
 PSYoungGen      total 54272K, used 36351K [0x00000000f5580000, 0x00000000fa500000, 0x0000000100000000)
  eden space 36352K, 99% used [0x00000000f5580000,0x00000000f78fff40,0x00000000f7900000)
  from space 17920K, 0% used [0x00000000f9380000,0x00000000f9380000,0x00000000fa500000)
  to   space 22016K, 0% used [0x00000000f7c80000,0x00000000f7c80000,0x00000000f9200000)
 ParOldGen       total 349696K, used 349688K [0x00000000e0000000, 0x00000000f5580000, 0x00000000f5580000)
  object space 349696K, 99% used [0x00000000e0000000,0x00000000f557e1d0,0x00000000f5580000)
 Metaspace       used 62307K, committed 63616K, reserved 1114112K
  class space    used 6080K, committed 6592K, reserved 1048576K
}

